This file contains any messages produced by compilers while
running configure, to aid debugging if configure makes a mistake.

It was created by userspace-rcu configure 0.7.6, which was
generated by GNU Autoconf 2.63.  Invocation command line was

  $ ./configure --prefix=/scratch/shrirams/hazygroup/trunk/elementary/0.3/Elementary0.3/lib/urcu/  build_alias= host_alias= target_alias= CC=/s/gcc-4.7.2/bin/gcc CFLAGS=-m64 -g -O2 --no-create --no-recursion

## --------- ##
## Platform. ##
## --------- ##

hostname = felix.cs.wisc.edu
uname -m = x86_64
uname -r = 2.6.32-279.19.1.el6.x86_64
uname -s = Linux
uname -v = #1 SMP Sat Nov 24 14:35:28 EST 2012

/usr/bin/uname -p = unknown
/bin/uname -X     = unknown

/bin/arch              = x86_64
/usr/bin/arch -k       = unknown
/usr/convex/getsysinfo = unknown
/usr/bin/hostinfo      = unknown
/bin/machine           = unknown
/usr/bin/oslevel       = unknown
/bin/universe          = unknown

PATH: /s/std/bin
PATH: /s/std/bin
PATH: /usr/lib64/qt-3.3/bin
PATH: /usr/local/bin
PATH: /usr/bin
PATH: /bin
PATH: /usr/local/sbin
PATH: /usr/sbin
PATH: /sbin
PATH: /usr/afsws/bin
PATH: /opt/SUNWspro/bin
PATH: /usr/ccs/bin
PATH: /usr/ucb
PATH: /bin
PATH: /usr/bin
PATH: /usr/X11R6/bin
PATH: /s/handin/bin
PATH: .
PATH: /p/hazy/bin/hadoop1/bin/
PATH: /s/python-2.7.3/bin
PATH: /usr/afsws/bin
PATH: /opt/SUNWspro/bin
PATH: /usr/ccs/bin
PATH: /usr/ucb
PATH: /bin
PATH: /usr/bin
PATH: /s/gcc-4.7.2/bin
PATH: /usr/X11R6/bin
PATH: /s/handin/bin
PATH: .


## ----------- ##
## Core tests. ##
## ----------- ##

configure:1966: checking build system type
configure:1984: result: x86_64-unknown-linux-gnu
configure:2006: checking host system type
configure:2021: result: x86_64-unknown-linux-gnu
configure:2043: checking target system type
configure:2058: result: x86_64-unknown-linux-gnu
configure:2086: checking host system type
configure:2101: result: x86_64-unknown-linux-gnu
configure:2139: checking for a BSD-compatible install
configure:2207: result: /usr/bin/install -c
configure:2218: checking whether build environment is sane
configure:2278: result: yes
configure:2419: checking for a thread-safe mkdir -p
configure:2458: result: /bin/mkdir -p
configure:2471: checking for gawk
configure:2487: found /usr/bin/gawk
configure:2498: result: gawk
configure:2509: checking whether make sets $(MAKE)
configure:2531: result: yes
configure:2624: checking whether make supports nested variables
configure:2641: result: yes
configure:2756: checking for style of include used by make
configure:2784: result: GNU
configure:2855: checking for gcc
configure:2882: result: /s/gcc-4.7.2/bin/gcc
configure:3114: checking for C compiler version
configure:3122: /s/gcc-4.7.2/bin/gcc --version >&5
gcc.bin (GCC) 4.7.2
Copyright (C) 2012 Free Software Foundation, Inc.
This is free software; see the source for copying conditions.  There is NO
warranty; not even for MERCHANTABILITY or FITNESS FOR A PARTICULAR PURPOSE.

configure:3126: $? = 0
configure:3133: /s/gcc-4.7.2/bin/gcc -v >&5
Reading specs from /afs/cs.wisc.edu/s/gcc-4.7.2/amd64_rhel6/bin/../lib/gcc/x86_64-unknown-linux-gnu/4.7.2/specs
COLLECT_GCC=/s/gcc-4.7.2/amd64_rhel6/bin/gcc.bin
COLLECT_LTO_WRAPPER=/afs/cs.wisc.edu/s/gcc-4.7.2/amd64_rhel6/bin/../libexec/gcc/x86_64-unknown-linux-gnu/4.7.2/lto-wrapper
Target: x86_64-unknown-linux-gnu
Configured with: ../gcc-4.7.2/configure --prefix=/s/gcc-4.7.2/amd64_rhel6 --enable-shared --enable-threads=posix --enable-checking=release --with-system-zlib --enable-__cxa_atexit --disable-libunwind-exceptions --enable-libgcj-multifile --enable-languages=c,c++,objc,obj-c++,fortran --disable-dssi --enable-plugin --with-cpu=generic
Thread model: posix
gcc version 4.7.2 (GCC) 
configure:3137: $? = 0
configure:3144: /s/gcc-4.7.2/bin/gcc -V >&5
gcc.bin: error: unrecognized command line option '-V'
gcc.bin: fatal error: no input files
compilation terminated.
configure:3148: $? = 1
configure:3171: checking for C compiler default output file name
configure:3193: /s/gcc-4.7.2/bin/gcc -m64 -g -O2   conftest.c  >&5
configure:3197: $? = 0
configure:3235: result: a.out
configure:3254: checking whether the C compiler works
configure:3264: ./a.out
configure:3268: $? = 0
configure:3287: result: yes
configure:3294: checking whether we are cross compiling
configure:3296: result: no
configure:3299: checking for suffix of executables
configure:3306: /s/gcc-4.7.2/bin/gcc -o conftest -m64 -g -O2   conftest.c  >&5
configure:3310: $? = 0
configure:3336: result: 
configure:3342: checking for suffix of object files
configure:3368: /s/gcc-4.7.2/bin/gcc -c -m64 -g -O2  conftest.c >&5
configure:3372: $? = 0
configure:3397: result: o
configure:3401: checking whether we are using the GNU C compiler
configure:3430: /s/gcc-4.7.2/bin/gcc -c -m64 -g -O2  conftest.c >&5
configure:3437: $? = 0
configure:3454: result: yes
configure:3463: checking whether /s/gcc-4.7.2/bin/gcc accepts -g
configure:3493: /s/gcc-4.7.2/bin/gcc -c -g  conftest.c >&5
configure:3500: $? = 0
configure:3601: result: yes
configure:3618: checking for /s/gcc-4.7.2/bin/gcc option to accept ISO C89
configure:3692: /s/gcc-4.7.2/bin/gcc  -c -m64 -g -O2  conftest.c >&5
configure:3699: $? = 0
configure:3722: result: none needed
configure:3742: checking dependency style of /s/gcc-4.7.2/bin/gcc
configure:3853: result: gcc3
configure:3871: checking for thread local storage (TLS) class
configure:3902: /s/gcc-4.7.2/bin/gcc -o conftest -m64 -g -O2   conftest.c  >&5
configure:3909: $? = 0
configure:3935: result: __thread
configure:4015: checking for gcc
configure:4042: result: /s/gcc-4.7.2/bin/gcc
configure:4274: checking for C compiler version
configure:4282: /s/gcc-4.7.2/bin/gcc --version >&5
gcc.bin (GCC) 4.7.2
Copyright (C) 2012 Free Software Foundation, Inc.
This is free software; see the source for copying conditions.  There is NO
warranty; not even for MERCHANTABILITY or FITNESS FOR A PARTICULAR PURPOSE.

configure:4286: $? = 0
configure:4293: /s/gcc-4.7.2/bin/gcc -v >&5
Reading specs from /afs/cs.wisc.edu/s/gcc-4.7.2/amd64_rhel6/bin/../lib/gcc/x86_64-unknown-linux-gnu/4.7.2/specs
COLLECT_GCC=/s/gcc-4.7.2/amd64_rhel6/bin/gcc.bin
COLLECT_LTO_WRAPPER=/afs/cs.wisc.edu/s/gcc-4.7.2/amd64_rhel6/bin/../libexec/gcc/x86_64-unknown-linux-gnu/4.7.2/lto-wrapper
Target: x86_64-unknown-linux-gnu
Configured with: ../gcc-4.7.2/configure --prefix=/s/gcc-4.7.2/amd64_rhel6 --enable-shared --enable-threads=posix --enable-checking=release --with-system-zlib --enable-__cxa_atexit --disable-libunwind-exceptions --enable-libgcj-multifile --enable-languages=c,c++,objc,obj-c++,fortran --disable-dssi --enable-plugin --with-cpu=generic
Thread model: posix
gcc version 4.7.2 (GCC) 
configure:4297: $? = 0
configure:4304: /s/gcc-4.7.2/bin/gcc -V >&5
gcc.bin: error: unrecognized command line option '-V'
gcc.bin: fatal error: no input files
compilation terminated.
configure:4308: $? = 1
configure:4311: checking whether we are using the GNU C compiler
configure:4364: result: yes
configure:4373: checking whether /s/gcc-4.7.2/bin/gcc accepts -g
configure:4511: result: yes
configure:4528: checking for /s/gcc-4.7.2/bin/gcc option to accept ISO C89
configure:4632: result: none needed
configure:4652: checking dependency style of /s/gcc-4.7.2/bin/gcc
configure:4763: result: gcc3
configure:4778: checking whether make sets $(MAKE)
configure:4800: result: yes
configure:4855: checking how to print strings
configure:4882: result: printf
configure:4903: checking for a sed that does not truncate output
configure:4969: result: /bin/sed
configure:4987: checking for grep that handles long lines and -e
configure:5047: result: /bin/grep
configure:5052: checking for egrep
configure:5116: result: /bin/grep -E
configure:5121: checking for fgrep
configure:5185: result: /bin/grep -F
configure:5220: checking for ld used by /s/gcc-4.7.2/bin/gcc
configure:5287: result: /usr/bin/ld
configure:5296: checking if the linker (/usr/bin/ld) is GNU ld
configure:5311: result: yes
configure:5323: checking for BSD- or MS-compatible name lister (nm)
configure:5372: result: /usr/bin/nm -B
configure:5502: checking the name lister (/usr/bin/nm -B) interface
configure:5509: /s/gcc-4.7.2/bin/gcc -c -m64 -g -O2  conftest.c >&5
configure:5512: /usr/bin/nm -B "conftest.o"
configure:5515: output
0000000000000000 B some_variable
configure:5522: result: BSD nm
configure:5525: checking whether ln -s works
configure:5529: result: yes
configure:5537: checking the maximum length of command line arguments
configure:5667: result: 1966080
configure:5684: checking whether the shell understands some XSI constructs
configure:5694: result: yes
configure:5698: checking whether the shell understands "+="
configure:5704: result: yes
configure:5739: checking how to convert x86_64-unknown-linux-gnu file names to x86_64-unknown-linux-gnu format
configure:5779: result: func_convert_file_noop
configure:5786: checking how to convert x86_64-unknown-linux-gnu file names to toolchain format
configure:5806: result: func_convert_file_noop
configure:5813: checking for /usr/bin/ld option to reload object files
configure:5820: result: -r
configure:5894: checking for objdump
configure:5910: found /usr/bin/objdump
configure:5921: result: objdump
configure:5953: checking how to recognize dependent libraries
configure:6151: result: pass_all
configure:6236: checking for dlltool
configure:6266: result: no
configure:6296: checking how to associate runtime and link libraries
configure:6323: result: printf %s\n
configure:6383: checking for ar
configure:6399: found /usr/bin/ar
configure:6410: result: ar
configure:6447: checking for archiver @FILE support
configure:6474: /s/gcc-4.7.2/bin/gcc -c -m64 -g -O2  conftest.c >&5
configure:6481: $? = 0
configure:6488: ar cru libconftest.a @conftest.lst >&5
configure:6491: $? = 0
configure:6496: ar cru libconftest.a @conftest.lst >&5
ar: conftest.o: No such file or directory
configure:6499: $? = 1
configure:6517: result: @
configure:6575: checking for strip
configure:6591: found /usr/bin/strip
configure:6602: result: strip
configure:6674: checking for ranlib
configure:6690: found /usr/bin/ranlib
configure:6701: result: ranlib
configure:6803: checking command to parse /usr/bin/nm -B output from /s/gcc-4.7.2/bin/gcc object
configure:6923: /s/gcc-4.7.2/bin/gcc -c -m64 -g -O2  conftest.c >&5
configure:6926: $? = 0
configure:6930: /usr/bin/nm -B conftest.o \| sed -n -e 's/^.*[ ]\([ABCDGIRSTW][ABCDGIRSTW]*\)[ ][ ]*\([_A-Za-z][_A-Za-z0-9]*\)$/\1 \2 \2/p' | sed '/ __gnu_lto/d' \> conftest.nm
configure:6933: $? = 0
configure:6999: /s/gcc-4.7.2/bin/gcc -o conftest -m64 -g -O2   conftest.c conftstm.o >&5
configure:7002: $? = 0
configure:7040: result: ok
configure:7077: checking for sysroot
configure:7109: result: no
configure:7186: /s/gcc-4.7.2/bin/gcc -c -m64 -g -O2  conftest.c >&5
configure:7189: $? = 0
configure:7394: checking for mt
configure:7424: result: no
configure:7444: checking if : is a manifest tool
configure:7450: : '-?'
configure:7458: result: no
configure:8129: checking how to run the C preprocessor
configure:8169: /s/gcc-4.7.2/bin/gcc -E  conftest.c
configure:8176: $? = 0
configure:8207: /s/gcc-4.7.2/bin/gcc -E  conftest.c
conftest.c:12:28: fatal error: ac_nonexistent.h: No such file or directory
compilation terminated.
configure:8214: $? = 1
configure: failed program was:
| /* confdefs.h.  */
| #define PACKAGE_NAME "userspace-rcu"
| #define PACKAGE_TARNAME "userspace-rcu"
| #define PACKAGE_VERSION "0.7.6"
| #define PACKAGE_STRING "userspace-rcu 0.7.6"
| #define PACKAGE_BUGREPORT "mathieu dot desnoyers at efficios dot com"
| #define PACKAGE "userspace-rcu"
| #define VERSION "0.7.6"
| #define TLS __thread
| #define CONFIG_RCU_TLS __thread
| /* end confdefs.h.  */
| #include <ac_nonexistent.h>
configure:8247: result: /s/gcc-4.7.2/bin/gcc -E
configure:8276: /s/gcc-4.7.2/bin/gcc -E  conftest.c
configure:8283: $? = 0
configure:8314: /s/gcc-4.7.2/bin/gcc -E  conftest.c
conftest.c:12:28: fatal error: ac_nonexistent.h: No such file or directory
compilation terminated.
configure:8321: $? = 1
configure: failed program was:
| /* confdefs.h.  */
| #define PACKAGE_NAME "userspace-rcu"
| #define PACKAGE_TARNAME "userspace-rcu"
| #define PACKAGE_VERSION "0.7.6"
| #define PACKAGE_STRING "userspace-rcu 0.7.6"
| #define PACKAGE_BUGREPORT "mathieu dot desnoyers at efficios dot com"
| #define PACKAGE "userspace-rcu"
| #define VERSION "0.7.6"
| #define TLS __thread
| #define CONFIG_RCU_TLS __thread
| /* end confdefs.h.  */
| #include <ac_nonexistent.h>
configure:8361: checking for ANSI C header files
configure:8391: /s/gcc-4.7.2/bin/gcc -c -m64 -g -O2  conftest.c >&5
configure:8398: $? = 0
configure:8497: /s/gcc-4.7.2/bin/gcc -o conftest -m64 -g -O2   conftest.c  >&5
configure:8501: $? = 0
configure:8507: ./conftest
configure:8511: $? = 0
configure:8529: result: yes
configure:8553: checking for sys/types.h
configure:8574: /s/gcc-4.7.2/bin/gcc -c -m64 -g -O2  conftest.c >&5
configure:8581: $? = 0
configure:8598: result: yes
configure:8553: checking for sys/stat.h
configure:8574: /s/gcc-4.7.2/bin/gcc -c -m64 -g -O2  conftest.c >&5
configure:8581: $? = 0
configure:8598: result: yes
configure:8553: checking for stdlib.h
configure:8574: /s/gcc-4.7.2/bin/gcc -c -m64 -g -O2  conftest.c >&5
configure:8581: $? = 0
configure:8598: result: yes
configure:8553: checking for string.h
configure:8574: /s/gcc-4.7.2/bin/gcc -c -m64 -g -O2  conftest.c >&5
configure:8581: $? = 0
configure:8598: result: yes
configure:8553: checking for memory.h
configure:8574: /s/gcc-4.7.2/bin/gcc -c -m64 -g -O2  conftest.c >&5
configure:8581: $? = 0
configure:8598: result: yes
configure:8553: checking for strings.h
configure:8574: /s/gcc-4.7.2/bin/gcc -c -m64 -g -O2  conftest.c >&5
configure:8581: $? = 0
configure:8598: result: yes
configure:8553: checking for inttypes.h
configure:8574: /s/gcc-4.7.2/bin/gcc -c -m64 -g -O2  conftest.c >&5
configure:8581: $? = 0
configure:8598: result: yes
configure:8553: checking for stdint.h
configure:8574: /s/gcc-4.7.2/bin/gcc -c -m64 -g -O2  conftest.c >&5
configure:8581: $? = 0
configure:8598: result: yes
configure:8553: checking for unistd.h
configure:8574: /s/gcc-4.7.2/bin/gcc -c -m64 -g -O2  conftest.c >&5
configure:8581: $? = 0
configure:8598: result: yes
configure:8616: checking for dlfcn.h
configure:8637: /s/gcc-4.7.2/bin/gcc -c -m64 -g -O2  conftest.c >&5
configure:8644: $? = 0
configure:8661: result: yes
configure:8869: checking for objdir
configure:8884: result: .libs
configure:9151: checking if /s/gcc-4.7.2/bin/gcc supports -fno-rtti -fno-exceptions
configure:9169: /s/gcc-4.7.2/bin/gcc -c -m64 -g -O2  -fno-rtti -fno-exceptions conftest.c >&5
cc1: warning: command line option '-fno-rtti' is valid for C++/ObjC++ but not for C [enabled by default]
configure:9173: $? = 0
configure:9186: result: no
configure:9513: checking for /s/gcc-4.7.2/bin/gcc option to produce PIC
configure:9520: result: -fPIC -DPIC
configure:9528: checking if /s/gcc-4.7.2/bin/gcc PIC flag -fPIC -DPIC works
configure:9546: /s/gcc-4.7.2/bin/gcc -c -m64 -g -O2  -fPIC -DPIC -DPIC conftest.c >&5
configure:9550: $? = 0
configure:9563: result: yes
configure:9592: checking if /s/gcc-4.7.2/bin/gcc static flag -static works
configure:9620: result: yes
configure:9635: checking if /s/gcc-4.7.2/bin/gcc supports -c -o file.o
configure:9656: /s/gcc-4.7.2/bin/gcc -c -m64 -g -O2  -o out/conftest2.o conftest.c >&5
configure:9660: $? = 0
configure:9682: result: yes
configure:9690: checking if /s/gcc-4.7.2/bin/gcc supports -c -o file.o
configure:9737: result: yes
configure:9770: checking whether the /s/gcc-4.7.2/bin/gcc linker (/usr/bin/ld -m elf_x86_64) supports shared libraries
configure:11018: result: yes
configure:11055: checking whether -lc should be explicitly linked in
configure:11063: /s/gcc-4.7.2/bin/gcc -c -m64 -g -O2  conftest.c >&5
configure:11066: $? = 0
configure:11081: /s/gcc-4.7.2/bin/gcc -shared  -fPIC -DPIC conftest.o  -v -Wl,-soname -Wl,conftest -o conftest 2\>\&1 \| /bin/grep  -lc  \>/dev/null 2\>\&1
configure:11084: $? = 0
configure:11098: result: no
configure:11258: checking dynamic linker characteristics
configure:11768: /s/gcc-4.7.2/bin/gcc -o conftest -m64 -g -O2   -Wl,-rpath -Wl,/foo conftest.c  >&5
configure:11775: $? = 0
configure:12024: result: GNU/Linux ld.so
configure:12131: checking how to hardcode library paths into programs
configure:12156: result: immediate
configure:13009: checking whether stripping libraries is possible
configure:13014: result: yes
configure:13049: checking if libtool supports shared libraries
configure:13051: result: yes
configure:13054: checking whether to build shared libraries
configure:13075: result: yes
configure:13078: checking whether to build static libraries
configure:13082: result: yes
configure:13121: checking for inline
configure:13147: /s/gcc-4.7.2/bin/gcc -c -m64 -g -O2  conftest.c >&5
configure:13154: $? = 0
configure:13172: result: inline
configure:13191: checking for pid_t
configure:13219: /s/gcc-4.7.2/bin/gcc -c -m64 -g -O2  conftest.c >&5
configure:13226: $? = 0
configure:13253: /s/gcc-4.7.2/bin/gcc -c -m64 -g -O2  conftest.c >&5
conftest.c: In function 'main':
conftest.c:60:20: error: expected expression before ')' token
configure:13260: $? = 1
configure: failed program was:
| /* confdefs.h.  */
| #define PACKAGE_NAME "userspace-rcu"
| #define PACKAGE_TARNAME "userspace-rcu"
| #define PACKAGE_VERSION "0.7.6"
| #define PACKAGE_STRING "userspace-rcu 0.7.6"
| #define PACKAGE_BUGREPORT "mathieu dot desnoyers at efficios dot com"
| #define PACKAGE "userspace-rcu"
| #define VERSION "0.7.6"
| #define TLS __thread
| #define CONFIG_RCU_TLS __thread
| #define STDC_HEADERS 1
| #define HAVE_SYS_TYPES_H 1
| #define HAVE_SYS_STAT_H 1
| #define HAVE_STDLIB_H 1
| #define HAVE_STRING_H 1
| #define HAVE_MEMORY_H 1
| #define HAVE_STRINGS_H 1
| #define HAVE_INTTYPES_H 1
| #define HAVE_STDINT_H 1
| #define HAVE_UNISTD_H 1
| #define HAVE_DLFCN_H 1
| #define LT_OBJDIR ".libs/"
| /* end confdefs.h.  */
| #include <stdio.h>
| #ifdef HAVE_SYS_TYPES_H
| # include <sys/types.h>
| #endif
| #ifdef HAVE_SYS_STAT_H
| # include <sys/stat.h>
| #endif
| #ifdef STDC_HEADERS
| # include <stdlib.h>
| # include <stddef.h>
| #else
| # ifdef HAVE_STDLIB_H
| #  include <stdlib.h>
| # endif
| #endif
| #ifdef HAVE_STRING_H
| # if !defined STDC_HEADERS && defined HAVE_MEMORY_H
| #  include <memory.h>
| # endif
| # include <string.h>
| #endif
| #ifdef HAVE_STRINGS_H
| # include <strings.h>
| #endif
| #ifdef HAVE_INTTYPES_H
| # include <inttypes.h>
| #endif
| #ifdef HAVE_STDINT_H
| # include <stdint.h>
| #endif
| #ifdef HAVE_UNISTD_H
| # include <unistd.h>
| #endif
| int
| main ()
| {
| if (sizeof ((pid_t)))
| 	  return 0;
|   ;
|   return 0;
| }
configure:13283: result: yes
configure:13295: checking for size_t
configure:13323: /s/gcc-4.7.2/bin/gcc -c -m64 -g -O2  conftest.c >&5
configure:13330: $? = 0
configure:13357: /s/gcc-4.7.2/bin/gcc -c -m64 -g -O2  conftest.c >&5
conftest.c: In function 'main':
conftest.c:60:21: error: expected expression before ')' token
configure:13364: $? = 1
configure: failed program was:
| /* confdefs.h.  */
| #define PACKAGE_NAME "userspace-rcu"
| #define PACKAGE_TARNAME "userspace-rcu"
| #define PACKAGE_VERSION "0.7.6"
| #define PACKAGE_STRING "userspace-rcu 0.7.6"
| #define PACKAGE_BUGREPORT "mathieu dot desnoyers at efficios dot com"
| #define PACKAGE "userspace-rcu"
| #define VERSION "0.7.6"
| #define TLS __thread
| #define CONFIG_RCU_TLS __thread
| #define STDC_HEADERS 1
| #define HAVE_SYS_TYPES_H 1
| #define HAVE_SYS_STAT_H 1
| #define HAVE_STDLIB_H 1
| #define HAVE_STRING_H 1
| #define HAVE_MEMORY_H 1
| #define HAVE_STRINGS_H 1
| #define HAVE_INTTYPES_H 1
| #define HAVE_STDINT_H 1
| #define HAVE_UNISTD_H 1
| #define HAVE_DLFCN_H 1
| #define LT_OBJDIR ".libs/"
| /* end confdefs.h.  */
| #include <stdio.h>
| #ifdef HAVE_SYS_TYPES_H
| # include <sys/types.h>
| #endif
| #ifdef HAVE_SYS_STAT_H
| # include <sys/stat.h>
| #endif
| #ifdef STDC_HEADERS
| # include <stdlib.h>
| # include <stddef.h>
| #else
| # ifdef HAVE_STDLIB_H
| #  include <stdlib.h>
| # endif
| #endif
| #ifdef HAVE_STRING_H
| # if !defined STDC_HEADERS && defined HAVE_MEMORY_H
| #  include <memory.h>
| # endif
| # include <string.h>
| #endif
| #ifdef HAVE_STRINGS_H
| # include <strings.h>
| #endif
| #ifdef HAVE_INTTYPES_H
| # include <inttypes.h>
| #endif
| #ifdef HAVE_STDINT_H
| # include <stdint.h>
| #endif
| #ifdef HAVE_UNISTD_H
| # include <unistd.h>
| #endif
| int
| main ()
| {
| if (sizeof ((size_t)))
| 	  return 0;
|   ;
|   return 0;
| }
configure:13387: result: yes
configure:13406: checking for stdlib.h
configure:13413: result: yes
configure:13552: checking for GNU libc compatible malloc
configure:13586: /s/gcc-4.7.2/bin/gcc -o conftest -m64 -g -O2   conftest.c  >&5
configure:13590: $? = 0
configure:13596: ./conftest
configure:13600: $? = 0
configure:13617: result: yes
configure:13651: checking for stdlib.h
configure:13658: result: yes
configure:13651: checking for unistd.h
configure:13658: result: yes
configure:13801: checking for getpagesize
configure:13857: /s/gcc-4.7.2/bin/gcc -o conftest -m64 -g -O2   conftest.c  >&5
configure:13864: $? = 0
configure:13886: result: yes
configure:13898: checking for working mmap
configure:14045: /s/gcc-4.7.2/bin/gcc -o conftest -m64 -g -O2   conftest.c  >&5
configure:14049: $? = 0
configure:14055: ./conftest
configure:14059: $? = 0
configure:14076: result: yes
configure:14096: checking for bzero
configure:14152: /s/gcc-4.7.2/bin/gcc -o conftest -m64 -g -O2   conftest.c  >&5
conftest.c:53:6: warning: conflicting types for built-in function 'bzero' [enabled by default]
configure:14159: $? = 0
configure:14181: result: yes
configure:14096: checking for gettimeofday
configure:14152: /s/gcc-4.7.2/bin/gcc -o conftest -m64 -g -O2   conftest.c  >&5
configure:14159: $? = 0
configure:14181: result: yes
configure:14096: checking for munmap
configure:14152: /s/gcc-4.7.2/bin/gcc -o conftest -m64 -g -O2   conftest.c  >&5
configure:14159: $? = 0
configure:14181: result: yes
configure:14096: checking for sched_getcpu
configure:14152: /s/gcc-4.7.2/bin/gcc -o conftest -m64 -g -O2   conftest.c  >&5
configure:14159: $? = 0
configure:14181: result: yes
configure:14096: checking for strtoul
configure:14152: /s/gcc-4.7.2/bin/gcc -o conftest -m64 -g -O2   conftest.c  >&5
configure:14159: $? = 0
configure:14181: result: yes
configure:14096: checking for sysconf
configure:14152: /s/gcc-4.7.2/bin/gcc -o conftest -m64 -g -O2   conftest.c  >&5
configure:14159: $? = 0
configure:14181: result: yes
configure:14305: checking if architecture really supports the mfence instruction
configure:14312: result: yes
configure:14331: checking for sys_futex()
configure:14353: /s/gcc-4.7.2/bin/gcc -c -m64 -g -O2  conftest.c >&5
configure:14360: $? = 0
configure:14366: result: yes
configure:14458: checking for sched_setaffinity
configure:14514: /s/gcc-4.7.2/bin/gcc -o conftest -m64 -g -O2 -D_GNU_SOURCE   conftest.c  >&5
configure:14521: $? = 0
configure:14543: result: yes
configure:14558: checking for cpu_set_t
configure:14587: /s/gcc-4.7.2/bin/gcc -c -m64 -g -O2 -D_GNU_SOURCE  conftest.c >&5
configure:14594: $? = 0
configure:14622: /s/gcc-4.7.2/bin/gcc -c -m64 -g -O2 -D_GNU_SOURCE  conftest.c >&5
conftest.c: In function 'main':
conftest.c:45:24: error: expected expression before ')' token
configure:14629: $? = 1
configure: failed program was:
| /* confdefs.h.  */
| #define PACKAGE_NAME "userspace-rcu"
| #define PACKAGE_TARNAME "userspace-rcu"
| #define PACKAGE_VERSION "0.7.6"
| #define PACKAGE_STRING "userspace-rcu 0.7.6"
| #define PACKAGE_BUGREPORT "mathieu dot desnoyers at efficios dot com"
| #define PACKAGE "userspace-rcu"
| #define VERSION "0.7.6"
| #define TLS __thread
| #define CONFIG_RCU_TLS __thread
| #define STDC_HEADERS 1
| #define HAVE_SYS_TYPES_H 1
| #define HAVE_SYS_STAT_H 1
| #define HAVE_STDLIB_H 1
| #define HAVE_STRING_H 1
| #define HAVE_MEMORY_H 1
| #define HAVE_STRINGS_H 1
| #define HAVE_INTTYPES_H 1
| #define HAVE_STDINT_H 1
| #define HAVE_UNISTD_H 1
| #define HAVE_DLFCN_H 1
| #define LT_OBJDIR ".libs/"
| #define HAVE_STDLIB_H 1
| #define HAVE_MALLOC 1
| #define HAVE_STDLIB_H 1
| #define HAVE_UNISTD_H 1
| #define HAVE_GETPAGESIZE 1
| #define HAVE_MMAP 1
| #define HAVE_BZERO 1
| #define HAVE_GETTIMEOFDAY 1
| #define HAVE_MUNMAP 1
| #define HAVE_SCHED_GETCPU 1
| #define HAVE_STRTOUL 1
| #define HAVE_SYSCONF 1
| #define CONFIG_RCU_HAVE_FENCE 1
| #define CONFIG_RCU_HAVE_FUTEX 1
| #define CONFIG_RCU_SMP 1
| #define HAVE_SCHED_SETAFFINITY 1
| /* end confdefs.h.  */
| #include <sched.h>
| 
| int
| main ()
| {
| if (sizeof ((cpu_set_t)))
| 	  return 0;
|   ;
|   return 0;
| }
configure:14652: result: yes
configure:14662: checking whether CPU_ZERO works
configure:14689: /s/gcc-4.7.2/bin/gcc -c -m64 -g -O2 -D_GNU_SOURCE  conftest.c >&5
conftest.c:42:0: warning: "_GNU_SOURCE" redefined [enabled by default]
<command-line>:0:0: note: this is the location of the previous definition
configure:14696: $? = 0
configure:14707: result: yes
configure:14724: checking how many arguments sched_setaffinity takes
configure:14749: /s/gcc-4.7.2/bin/gcc -c -m64 -g -O2 -D_GNU_SOURCE  conftest.c >&5
configure:14756: $? = 0
configure:14775: result: 3
configure:14944: creating ./config.status

## ---------------- ##
## Cache variables. ##
## ---------------- ##

ac_cv_build=x86_64-unknown-linux-gnu
ac_cv_c_compiler_gnu=yes
ac_cv_c_inline=inline
ac_cv_env_CC_set=set
ac_cv_env_CC_value=/s/gcc-4.7.2/bin/gcc
ac_cv_env_CFLAGS_set=set
ac_cv_env_CFLAGS_value='-m64 -g -O2'
ac_cv_env_CPPFLAGS_set=
ac_cv_env_CPPFLAGS_value=
ac_cv_env_CPP_set=
ac_cv_env_CPP_value=
ac_cv_env_LDFLAGS_set=
ac_cv_env_LDFLAGS_value=
ac_cv_env_LIBS_set=
ac_cv_env_LIBS_value=
ac_cv_env_build_alias_set=set
ac_cv_env_build_alias_value=
ac_cv_env_host_alias_set=set
ac_cv_env_host_alias_value=
ac_cv_env_target_alias_set=set
ac_cv_env_target_alias_value=
ac_cv_func_bzero=yes
ac_cv_func_getpagesize=yes
ac_cv_func_gettimeofday=yes
ac_cv_func_malloc_0_nonnull=yes
ac_cv_func_mmap_fixed_mapped=yes
ac_cv_func_munmap=yes
ac_cv_func_sched_getcpu=yes
ac_cv_func_sched_setaffinity=yes
ac_cv_func_strtoul=yes
ac_cv_func_sysconf=yes
ac_cv_header_dlfcn_h=yes
ac_cv_header_inttypes_h=yes
ac_cv_header_memory_h=yes
ac_cv_header_stdc=yes
ac_cv_header_stdint_h=yes
ac_cv_header_stdlib_h=yes
ac_cv_header_string_h=yes
ac_cv_header_strings_h=yes
ac_cv_header_sys_stat_h=yes
ac_cv_header_sys_types_h=yes
ac_cv_header_unistd_h=yes
ac_cv_host=x86_64-unknown-linux-gnu
ac_cv_objext=o
ac_cv_path_EGREP='/bin/grep -E'
ac_cv_path_FGREP='/bin/grep -F'
ac_cv_path_GREP=/bin/grep
ac_cv_path_SED=/bin/sed
ac_cv_path_install='/usr/bin/install -c'
ac_cv_path_mkdir=/bin/mkdir
ac_cv_prog_AWK=gawk
ac_cv_prog_CPP='/s/gcc-4.7.2/bin/gcc -E'
ac_cv_prog_ac_ct_AR=ar
ac_cv_prog_ac_ct_CC=/s/gcc-4.7.2/bin/gcc
ac_cv_prog_ac_ct_OBJDUMP=objdump
ac_cv_prog_ac_ct_RANLIB=ranlib
ac_cv_prog_ac_ct_STRIP=strip
ac_cv_prog_cc_c89=
ac_cv_prog_cc_g=yes
ac_cv_prog_make_make_set=yes
ac_cv_target=x86_64-unknown-linux-gnu
ac_cv_tls=__thread
ac_cv_type_cpu_set_t=yes
ac_cv_type_pid_t=yes
ac_cv_type_size_t=yes
am_cv_CC_dependencies_compiler_type=gcc3
am_cv_make_support_nested_variables=yes
lt_cv_ar_at_file=@
lt_cv_archive_cmds_need_lc=no
lt_cv_deplibs_check_method=pass_all
lt_cv_file_magic_cmd='$MAGIC_CMD'
lt_cv_file_magic_test_file=
lt_cv_ld_reload_flag=-r
lt_cv_nm_interface='BSD nm'
lt_cv_objdir=.libs
lt_cv_path_LD=/usr/bin/ld
lt_cv_path_NM='/usr/bin/nm -B'
lt_cv_path_mainfest_tool=no
lt_cv_prog_compiler_c_o=yes
lt_cv_prog_compiler_pic='-fPIC -DPIC'
lt_cv_prog_compiler_pic_works=yes
lt_cv_prog_compiler_rtti_exceptions=no
lt_cv_prog_compiler_static_works=yes
lt_cv_prog_gnu_ld=yes
lt_cv_sharedlib_from_linklib_cmd='printf %s\n'
lt_cv_shlibpath_overrides_runpath=no
lt_cv_sys_global_symbol_pipe='sed -n -e '\''s/^.*[	 ]\([ABCDGIRSTW][ABCDGIRSTW]*\)[	 ][	 ]*\([_A-Za-z][_A-Za-z0-9]*\)$/\1 \2 \2/p'\'' | sed '\''/ __gnu_lto/d'\'''
lt_cv_sys_global_symbol_to_c_name_address='sed -n -e '\''s/^: \([^ ]*\)[ ]*$/  {\"\1\", (void *) 0},/p'\'' -e '\''s/^[ABCDGIRSTW]* \([^ ]*\) \([^ ]*\)$/  {"\2", (void *) \&\2},/p'\'''
lt_cv_sys_global_symbol_to_c_name_address_lib_prefix='sed -n -e '\''s/^: \([^ ]*\)[ ]*$/  {\"\1\", (void *) 0},/p'\'' -e '\''s/^[ABCDGIRSTW]* \([^ ]*\) \(lib[^ ]*\)$/  {"\2", (void *) \&\2},/p'\'' -e '\''s/^[ABCDGIRSTW]* \([^ ]*\) \([^ ]*\)$/  {"lib\2", (void *) \&\2},/p'\'''
lt_cv_sys_global_symbol_to_cdecl='sed -n -e '\''s/^T .* \(.*\)$/extern int \1();/p'\'' -e '\''s/^[ABCDGIRSTW]* .* \(.*\)$/extern char \1;/p'\'''
lt_cv_sys_max_cmd_len=1966080
lt_cv_to_host_file_cmd=func_convert_file_noop
lt_cv_to_tool_file_cmd=func_convert_file_noop

## ----------------- ##
## Output variables. ##
## ----------------- ##

ACLOCAL='${SHELL} /scratch/shrirams/hazygroup/trunk/elementary/0.3/Elementary0.3/lib/userspace-rcu-0.7.6/config/missing --run aclocal-1.11'
AMDEPBACKSLASH='\'
AMDEP_FALSE='#'
AMDEP_TRUE=''
AMTAR='$${TAR-tar}'
AM_BACKSLASH='\'
AM_DEFAULT_V='$(AM_DEFAULT_VERBOSITY)'
AM_DEFAULT_VERBOSITY='0'
AM_V='$(V)'
AR='ar'
ARCHTYPE='x86'
AUTOCONF='${SHELL} /scratch/shrirams/hazygroup/trunk/elementary/0.3/Elementary0.3/lib/userspace-rcu-0.7.6/config/missing --run autoconf'
AUTOHEADER='${SHELL} /scratch/shrirams/hazygroup/trunk/elementary/0.3/Elementary0.3/lib/userspace-rcu-0.7.6/config/missing --run autoheader'
AUTOMAKE='${SHELL} /scratch/shrirams/hazygroup/trunk/elementary/0.3/Elementary0.3/lib/userspace-rcu-0.7.6/config/missing --run automake-1.11'
AWK='gawk'
CC='/s/gcc-4.7.2/bin/gcc'
CCDEPMODE='depmode=gcc3'
CFLAGS='-m64 -g -O2'
COMPAT_ARCH_FALSE=''
COMPAT_ARCH_TRUE='#'
COMPAT_FUTEX_FALSE=''
COMPAT_FUTEX_TRUE='#'
CPP='/s/gcc-4.7.2/bin/gcc -E'
CPPFLAGS=''
CYGPATH_W='echo'
DEFS='-DHAVE_CONFIG_H'
DEPDIR='.deps'
DLLTOOL='false'
DSYMUTIL=''
DUMPBIN=''
ECHO_C=''
ECHO_N='-n'
ECHO_T=''
EGREP='/bin/grep -E'
EXEEXT=''
FGREP='/bin/grep -F'
GREP='/bin/grep'
INSTALL_DATA='${INSTALL} -m 644'
INSTALL_PROGRAM='${INSTALL}'
INSTALL_SCRIPT='${INSTALL}'
INSTALL_STRIP_PROGRAM='$(install_sh) -c -s'
LD='/usr/bin/ld -m elf_x86_64'
LDFLAGS=''
LIBOBJS=''
LIBS=''
LIBTOOL='$(SHELL) $(top_builddir)/libtool'
LIPO=''
LN_S='ln -s'
LTLIBOBJS=''
MAKEINFO='${SHELL} /scratch/shrirams/hazygroup/trunk/elementary/0.3/Elementary0.3/lib/userspace-rcu-0.7.6/config/missing --run makeinfo'
MANIFEST_TOOL=':'
MKDIR_P='/bin/mkdir -p'
NM='/usr/bin/nm -B'
NMEDIT=''
OBJDUMP='objdump'
OBJEXT='o'
OTOOL64=''
OTOOL=''
PACKAGE='userspace-rcu'
PACKAGE_BUGREPORT='mathieu dot desnoyers at efficios dot com'
PACKAGE_NAME='userspace-rcu'
PACKAGE_STRING='userspace-rcu 0.7.6'
PACKAGE_TARNAME='userspace-rcu'
PACKAGE_VERSION='0.7.6'
PATH_SEPARATOR=':'
RANLIB='ranlib'
SED='/bin/sed'
SET_MAKE=''
SHELL='/bin/sh'
STRIP='strip'
SUBARCHTYPE=''
URCU_LIBRARY_VERSION='1:0:0'
VERSION='0.7.6'
ac_ct_AR='ar'
ac_ct_CC='/s/gcc-4.7.2/bin/gcc'
ac_ct_DUMPBIN=''
am__EXEEXT_FALSE=''
am__EXEEXT_TRUE='#'
am__fastdepCC_FALSE='#'
am__fastdepCC_TRUE=''
am__include='include'
am__isrc=''
am__leading_dot='.'
am__nodep='_no'
am__quote=''
am__tar='$${TAR-tar} chof - "$$tardir"'
am__untar='$${TAR-tar} xf -'
bindir='${exec_prefix}/bin'
build='x86_64-unknown-linux-gnu'
build_alias=''
build_cpu='x86_64'
build_os='linux-gnu'
build_vendor='unknown'
datadir='${datarootdir}'
datarootdir='${prefix}/share'
docdir='${datarootdir}/doc/${PACKAGE_TARNAME}'
dvidir='${docdir}'
exec_prefix='${prefix}'
host='x86_64-unknown-linux-gnu'
host_alias=''
host_cpu='x86_64'
host_os='linux-gnu'
host_vendor='unknown'
htmldir='${docdir}'
includedir='${prefix}/include'
infodir='${datarootdir}/info'
install_sh='${SHELL} /scratch/shrirams/hazygroup/trunk/elementary/0.3/Elementary0.3/lib/userspace-rcu-0.7.6/config/install-sh'
libdir='${exec_prefix}/lib'
libexecdir='${exec_prefix}/libexec'
localedir='${datarootdir}/locale'
localstatedir='${prefix}/var'
mandir='${datarootdir}/man'
mkdir_p='/bin/mkdir -p'
oldincludedir='/usr/include'
pdfdir='${docdir}'
prefix='/scratch/shrirams/hazygroup/trunk/elementary/0.3/Elementary0.3/lib/urcu'
program_transform_name='s,x,x,'
psdir='${docdir}'
sbindir='${exec_prefix}/sbin'
sharedstatedir='${prefix}/com'
sysconfdir='${prefix}/etc'
target='x86_64-unknown-linux-gnu'
target_alias=''
target_cpu='x86_64'
target_os='linux-gnu'
target_vendor='unknown'

## ----------- ##
## confdefs.h. ##
## ----------- ##

#define PACKAGE_NAME "userspace-rcu"
#define PACKAGE_TARNAME "userspace-rcu"
#define PACKAGE_VERSION "0.7.6"
#define PACKAGE_STRING "userspace-rcu 0.7.6"
#define PACKAGE_BUGREPORT "mathieu dot desnoyers at efficios dot com"
#define PACKAGE "userspace-rcu"
#define VERSION "0.7.6"
#define TLS __thread
#define CONFIG_RCU_TLS __thread
#define STDC_HEADERS 1
#define HAVE_SYS_TYPES_H 1
#define HAVE_SYS_STAT_H 1
#define HAVE_STDLIB_H 1
#define HAVE_STRING_H 1
#define HAVE_MEMORY_H 1
#define HAVE_STRINGS_H 1
#define HAVE_INTTYPES_H 1
#define HAVE_STDINT_H 1
#define HAVE_UNISTD_H 1
#define HAVE_DLFCN_H 1
#define LT_OBJDIR ".libs/"
#define HAVE_STDLIB_H 1
#define HAVE_MALLOC 1
#define HAVE_STDLIB_H 1
#define HAVE_UNISTD_H 1
#define HAVE_GETPAGESIZE 1
#define HAVE_MMAP 1
#define HAVE_BZERO 1
#define HAVE_GETTIMEOFDAY 1
#define HAVE_MUNMAP 1
#define HAVE_SCHED_GETCPU 1
#define HAVE_STRTOUL 1
#define HAVE_SYSCONF 1
#define CONFIG_RCU_HAVE_FENCE 1
#define CONFIG_RCU_HAVE_FUTEX 1
#define CONFIG_RCU_SMP 1
#define HAVE_SCHED_SETAFFINITY 1
#define HAVE_CPU_SET_T 1
#define HAVE_CPU_ZERO 1
#define SCHED_SETAFFINITY_ARGS 3

configure: exit 0

## ---------------------- ##
## Running config.status. ##
## ---------------------- ##

This file was extended by userspace-rcu config.status 0.7.6, which was
generated by GNU Autoconf 2.63.  Invocation command line was

  CONFIG_FILES    = 
  CONFIG_HEADERS  = 
  CONFIG_LINKS    = 
  CONFIG_COMMANDS = 
  $ ./config.status 

on felix.cs.wisc.edu

config.status:1052: creating Makefile
config.status:1052: creating doc/Makefile
config.status:1052: creating tests/Makefile
config.status:1052: creating liburcu.pc
config.status:1052: creating liburcu-bp.pc
config.status:1052: creating liburcu-cds.pc
config.status:1052: creating liburcu-qsbr.pc
config.status:1052: creating liburcu-mb.pc
config.status:1052: creating liburcu-signal.pc
config.status:1052: creating config.h
config.status:1052: creating urcu/config.h
config.status:1274: urcu/config.h is unchanged
config.status:1338: linking urcu/arch/x86.h to urcu/arch.h
config.status:1338: linking urcu/uatomic/x86.h to urcu/uatomic.h
config.status:1361: executing depfiles commands
config.status:1361: executing libtool commands

## ---------------------- ##
## Running config.status. ##
## ---------------------- ##

This file was extended by userspace-rcu config.status 0.7.6, which was
generated by GNU Autoconf 2.63.  Invocation command line was

  CONFIG_FILES    = 
  CONFIG_HEADERS  = 
  CONFIG_LINKS    = 
  CONFIG_COMMANDS = 
  $ ./config.status config.h

on felix.cs.wisc.edu

config.status:1052: creating config.h
